# JRE version: Java(TM) SE Runtime Environment (8.0_121-b13) (build 1.8.0_121-b13)
# Java VM: Java HotSpot(TM) 64-Bit Server VM (25.121-b13 mixed mode linux-amd64 compressed oops)
Heap:
 PSYoungGen      total 279040K, used 5825K [0x00000000d7780000, 0x00000000ef880000, 0x0000000100000000)
  eden space 254464K, 0% used [0x00000000d7780000,0x00000000d7780000,0x00000000e7000000)
  from space 24576K, 23% used [0x00000000e7000000,0x00000000e75b04a0,0x00000000e8800000)
  to   space 24576K, 0% used [0x00000000ee080000,0x00000000ee080000,0x00000000ef880000)
 ParOldGen       total 89088K, used 65631K [0x0000000086600000, 0x000000008bd00000, 0x00000000d7780000)
  object space 89088K, 73% used [0x0000000086600000,0x000000008a617ca8,0x000000008bd00000)
 Metaspace       used 57576K, capacity 58856K, committed 58968K, reserved 1099776K
  class space    used 7653K, capacity 8010K, committed 8064K, reserved 1048576K
GC Heap History (10 events):
Event: 11,964 GC heap after
Heap after GC invocations=11 (full 2):
 PSYoungGen      total 167424K, used 11959K [0x00000000d7780000, 0x00000000e5280000, 0x0000000100000000)
  eden space 154112K, 0% used [0x00000000d7780000,0x00000000d7780000,0x00000000e0e00000)
  from space 13312K, 89% used [0x00000000e0e00000,0x00000000e19adfd8,0x00000000e1b00000)
  to   space 14336K, 0% used [0x00000000e4480000,0x00000000e4480000,0x00000000e5280000)
 ParOldGen       total 89088K, used 20675K [0x0000000086600000, 0x000000008bd00000, 0x00000000d7780000)
  object space 89088K, 23% used [0x0000000086600000,0x0000000087a30ce0,0x000000008bd00000)
 Metaspace       used 44546K, capacity 45616K, committed 45912K, reserved 1089536K
  class space    used 6139K, capacity 6425K, committed 6528K, reserved 1048576K
}
Event: 14,202 GC heap before
{Heap before GC invocations=12 (full 2):
 PSYoungGen      total 167424K, used 166071K [0x00000000d7780000, 0x00000000e5280000, 0x0000000100000000)
  eden space 154112K, 100% used [0x00000000d7780000,0x00000000e0e00000,0x00000000e0e00000)
  from space 13312K, 89% used [0x00000000e0e00000,0x00000000e19adfd8,0x00000000e1b00000)
  to   space 14336K, 0% used [0x00000000e4480000,0x00000000e4480000,0x00000000e5280000)
 ParOldGen       total 89088K, used 20675K [0x0000000086600000, 0x000000008bd00000, 0x00000000d7780000)
  object space 89088K, 23% used [0x0000000086600000,0x0000000087a30ce0,0x000000008bd00000)
 Metaspace       used 48539K, capacity 49782K, committed 50008K, reserved 1091584K
  class space    used 6680K, capacity 7032K, committed 7040K, reserved 1048576K
Event: 14,277 GC heap after
Heap after GC invocations=12 (full 2):
 PSYoungGen      total 199680K, used 14320K [0x00000000d7780000, 0x00000000e6a80000, 0x0000000100000000)
  eden space 185344K, 0% used [0x00000000d7780000,0x00000000d7780000,0x00000000e2c80000)
  from space 14336K, 99% used [0x00000000e4480000,0x00000000e527c288,0x00000000e5280000)
  to   space 24576K, 0% used [0x00000000e2c80000,0x00000000e2c80000,0x00000000e4480000)
 ParOldGen       total 89088K, used 43160K [0x0000000086600000, 0x000000008bd00000, 0x00000000d7780000)
  object space 89088K, 48% used [0x0000000086600000,0x00000000890262c8,0x000000008bd00000)
 Metaspace       used 48539K, capacity 49782K, committed 50008K, reserved 1091584K
  class space    used 6680K, capacity 7032K, committed 7040K, reserved 1048576K
}
Event: 14,596 GC heap before
{Heap before GC invocations=13 (full 2):
 PSYoungGen      total 199680K, used 199664K [0x00000000d7780000, 0x00000000e6a80000, 0x0000000100000000)
  eden space 185344K, 100% used [0x00000000d7780000,0x00000000e2c80000,0x00000000e2c80000)
  from space 14336K, 99% used [0x00000000e4480000,0x00000000e527c288,0x00000000e5280000)
  to   space 24576K, 0% used [0x00000000e2c80000,0x00000000e2c80000,0x00000000e4480000)
 ParOldGen       total 89088K, used 43160K [0x0000000086600000, 0x000000008bd00000, 0x00000000d7780000)
  object space 89088K, 48% used [0x0000000086600000,0x00000000890262c8,0x000000008bd00000)
 Metaspace       used 48539K, capacity 49782K, committed 50008K, reserved 1091584K
  class space    used 6680K, capacity 7032K, committed 7040K, reserved 1048576K
Event: 14,645 GC heap after
Heap after GC invocations=13 (full 2):
 PSYoungGen      total 209920K, used 16064K [0x00000000d7780000, 0x00000000ea800000, 0x0000000100000000)
  eden space 185344K, 0% used [0x00000000d7780000,0x00000000d7780000,0x00000000e2c80000)
  from space 24576K, 65% used [0x00000000e2c80000,0x00000000e3c30278,0x00000000e4480000)
  to   space 25088K, 0% used [0x00000000e8f80000,0x00000000e8f80000,0x00000000ea800000)
 ParOldGen       total 89088K, used 43168K [0x0000000086600000, 0x000000008bd00000, 0x00000000d7780000)
  object space 89088K, 48% used [0x0000000086600000,0x00000000890282c8,0x000000008bd00000)
 Metaspace       used 48539K, capacity 49782K, committed 50008K, reserved 1091584K
  class space    used 6680K, capacity 7032K, committed 7040K, reserved 1048576K
}
Event: 62,042 GC heap before
{Heap before GC invocations=14 (full 2):
 PSYoungGen      total 209920K, used 201408K [0x00000000d7780000, 0x00000000ea800000, 0x0000000100000000)
  eden space 185344K, 100% used [0x00000000d7780000,0x00000000e2c80000,0x00000000e2c80000)
  from space 24576K, 65% used [0x00000000e2c80000,0x00000000e3c30278,0x00000000e4480000)
  to   space 25088K, 0% used [0x00000000e8f80000,0x00000000e8f80000,0x00000000ea800000)
 ParOldGen       total 89088K, used 43168K [0x0000000086600000, 0x000000008bd00000, 0x00000000d7780000)
  object space 89088K, 48% used [0x0000000086600000,0x00000000890282c8,0x000000008bd00000)
 Metaspace       used 54734K, capacity 56072K, committed 56280K, reserved 1097728K
  class space    used 7299K, capacity 7658K, committed 7680K, reserved 1048576K
Event: 62,085 GC heap after
Heap after GC invocations=14 (full 2):
 PSYoungGen      total 271360K, used 14224K [0x00000000d7780000, 0x00000000ea000000, 0x0000000100000000)
  eden space 254464K, 0% used [0x00000000d7780000,0x00000000d7780000,0x00000000e7000000)
  from space 16896K, 84% used [0x00000000e8f80000,0x00000000e9d640f0,0x00000000ea000000)
  to   space 24576K, 0% used [0x00000000e7000000,0x00000000e7000000,0x00000000e8800000)
 ParOldGen       total 89088K, used 57449K [0x0000000086600000, 0x000000008bd00000, 0x00000000d7780000)
  object space 89088K, 64% used [0x0000000086600000,0x0000000089e1a630,0x000000008bd00000)
 Metaspace       used 54734K, capacity 56072K, committed 56280K, reserved 1097728K
  class space    used 7299K, capacity 7658K, committed 7680K, reserved 1048576K
}
Event: 63,023 GC heap before
{Heap before GC invocations=15 (full 2):
 PSYoungGen      total 271360K, used 58767K [0x00000000d7780000, 0x00000000ea000000, 0x0000000100000000)
  eden space 254464K, 17% used [0x00000000d7780000,0x00000000da2ffcd8,0x00000000e7000000)
  from space 16896K, 84% used [0x00000000e8f80000,0x00000000e9d640f0,0x00000000ea000000)
  to   space 24576K, 0% used [0x00000000e7000000,0x00000000e7000000,0x00000000e8800000)
 ParOldGen       total 89088K, used 57449K [0x0000000086600000, 0x000000008bd00000, 0x00000000d7780000)
  object space 89088K, 64% used [0x0000000086600000,0x0000000089e1a630,0x000000008bd00000)
 Metaspace       used 57576K, capacity 58856K, committed 58968K, reserved 1099776K
  class space    used 7653K, capacity 8010K, committed 8064K, reserved 1048576K
Event: 63,045 GC heap after
Heap after GC invocations=15 (full 2):
 PSYoungGen      total 279040K, used 5825K [0x00000000d7780000, 0x00000000ef880000, 0x0000000100000000)
  eden space 254464K, 0% used [0x00000000d7780000,0x00000000d7780000,0x00000000e7000000)
  from space 24576K, 23% used [0x00000000e7000000,0x00000000e75b04a0,0x00000000e8800000)
  to   space 24576K, 0% used [0x00000000ee080000,0x00000000ee080000,0x00000000ef880000)
 ParOldGen       total 89088K, used 65631K [0x0000000086600000, 0x000000008bd00000, 0x00000000d7780000)
  object space 89088K, 73% used [0x0000000086600000,0x000000008a617ca8,0x000000008bd00000)
 Metaspace       used 57576K, capacity 58856K, committed 58968K, reserved 1099776K
  class space    used 7653K, capacity 8010K, committed 8064K, reserved 1048576K
}
Event: 63,045 GC heap before
{Heap before GC invocations=16 (full 3):
 PSYoungGen      total 279040K, used 5825K [0x00000000d7780000, 0x00000000ef880000, 0x0000000100000000)
  eden space 254464K, 0% used [0x00000000d7780000,0x00000000d7780000,0x00000000e7000000)
  from space 24576K, 23% used [0x00000000e7000000,0x00000000e75b04a0,0x00000000e8800000)
  to   space 24576K, 0% used [0x00000000ee080000,0x00000000ee080000,0x00000000ef880000)
 ParOldGen       total 89088K, used 65631K [0x0000000086600000, 0x000000008bd00000, 0x00000000d7780000)
  object space 89088K, 73% used [0x0000000086600000,0x000000008a617ca8,0x000000008bd00000)
 Metaspace       used 57576K, capacity 58856K, committed 58968K, reserved 1099776K
  class space    used 7653K, capacity 8010K, committed 8064K, reserved 1048576K

