# JRE version: Java(TM) SE Runtime Environment (8.0_121-b13) (build 1.8.0_121-b13)
# Java VM: Java HotSpot(TM) 64-Bit Server VM (25.121-b13 mixed mode linux-amd64 compressed oops)
Heap:
 PSYoungGen      total 67584K, used 11478K [0x00000000d7780000, 0x00000000dbe80000, 0x0000000100000000)
  eden space 62464K, 10% used [0x00000000d7780000,0x00000000d7db9978,0x00000000db480000)
  from space 5120K, 99% used [0x00000000db980000,0x00000000dbe7c020,0x00000000dbe80000)
  to   space 5120K, 0% used [0x00000000db480000,0x00000000db480000,0x00000000db980000)
 ParOldGen       total 83456K, used 7549K [0x0000000086600000, 0x000000008b780000, 0x00000000d7780000)
  object space 83456K, 9% used [0x0000000086600000,0x0000000086d5f738,0x000000008b780000)
 Metaspace       used 20267K, capacity 20492K, committed 20608K, reserved 1067008K
  class space    used 2786K, capacity 2865K, committed 2944K, reserved 1048576K
GC Heap History (8 events):
Event: 2,134 GC heap before
{Heap before GC invocations=1 (full 0):
 PSYoungGen      total 36352K, used 31232K [0x00000000d7780000, 0x00000000da000000, 0x0000000100000000)
  eden space 31232K, 100% used [0x00000000d7780000,0x00000000d9600000,0x00000000d9600000)
  from space 5120K, 0% used [0x00000000d9b00000,0x00000000d9b00000,0x00000000da000000)
  to   space 5120K, 0% used [0x00000000d9600000,0x00000000d9600000,0x00000000d9b00000)
 ParOldGen       total 83456K, used 0K [0x0000000086600000, 0x000000008b780000, 0x00000000d7780000)
  object space 83456K, 0% used [0x0000000086600000,0x0000000086600000,0x000000008b780000)
 Metaspace       used 8047K, capacity 8240K, committed 8320K, reserved 1056768K
  class space    used 1060K, capacity 1152K, committed 1152K, reserved 1048576K
Event: 2,147 GC heap after
Heap after GC invocations=1 (full 0):
 PSYoungGen      total 36352K, used 4857K [0x00000000d7780000, 0x00000000da000000, 0x0000000100000000)
  eden space 31232K, 0% used [0x00000000d7780000,0x00000000d7780000,0x00000000d9600000)
  from space 5120K, 94% used [0x00000000d9600000,0x00000000d9abe728,0x00000000d9b00000)
  to   space 5120K, 0% used [0x00000000d9b00000,0x00000000d9b00000,0x00000000da000000)
 ParOldGen       total 83456K, used 8K [0x0000000086600000, 0x000000008b780000, 0x00000000d7780000)
  object space 83456K, 0% used [0x0000000086600000,0x0000000086602000,0x000000008b780000)
 Metaspace       used 8047K, capacity 8240K, committed 8320K, reserved 1056768K
  class space    used 1060K, capacity 1152K, committed 1152K, reserved 1048576K
}
Event: 3,253 GC heap before
{Heap before GC invocations=2 (full 0):
 PSYoungGen      total 36352K, used 36089K [0x00000000d7780000, 0x00000000da000000, 0x0000000100000000)
  eden space 31232K, 100% used [0x00000000d7780000,0x00000000d9600000,0x00000000d9600000)
  from space 5120K, 94% used [0x00000000d9600000,0x00000000d9abe728,0x00000000d9b00000)
  to   space 5120K, 0% used [0x00000000d9b00000,0x00000000d9b00000,0x00000000da000000)
 ParOldGen       total 83456K, used 8K [0x0000000086600000, 0x000000008b780000, 0x00000000d7780000)
  object space 83456K, 0% used [0x0000000086600000,0x0000000086602000,0x000000008b780000)
 Metaspace       used 10691K, capacity 10984K, committed 11136K, reserved 1058816K
  class space    used 1477K, capacity 1576K, committed 1664K, reserved 1048576K
Event: 3,268 GC heap after
Heap after GC invocations=2 (full 0):
 PSYoungGen      total 36352K, used 4971K [0x00000000d7780000, 0x00000000da000000, 0x0000000100000000)
  eden space 31232K, 0% used [0x00000000d7780000,0x00000000d7780000,0x00000000d9600000)
  from space 5120K, 97% used [0x00000000d9b00000,0x00000000d9fdae18,0x00000000da000000)
  to   space 5120K, 0% used [0x00000000d9600000,0x00000000d9600000,0x00000000d9b00000)
 ParOldGen       total 83456K, used 16K [0x0000000086600000, 0x000000008b780000, 0x00000000d7780000)
  object space 83456K, 0% used [0x0000000086600000,0x0000000086604000,0x000000008b780000)
 Metaspace       used 10691K, capacity 10984K, committed 11136K, reserved 1058816K
  class space    used 1477K, capacity 1576K, committed 1664K, reserved 1048576K
}
Event: 5,340 GC heap before
{Heap before GC invocations=3 (full 0):
 PSYoungGen      total 36352K, used 36203K [0x00000000d7780000, 0x00000000da000000, 0x0000000100000000)
  eden space 31232K, 100% used [0x00000000d7780000,0x00000000d9600000,0x00000000d9600000)
  from space 5120K, 97% used [0x00000000d9b00000,0x00000000d9fdae18,0x00000000da000000)
  to   space 5120K, 0% used [0x00000000d9600000,0x00000000d9600000,0x00000000d9b00000)
 ParOldGen       total 83456K, used 16K [0x0000000086600000, 0x000000008b780000, 0x00000000d7780000)
  object space 83456K, 0% used [0x0000000086600000,0x0000000086604000,0x000000008b780000)
 Metaspace       used 16808K, capacity 17070K, committed 17280K, reserved 1064960K
  class space    used 2313K, capacity 2410K, committed 2432K, reserved 1048576K
Event: 5,373 GC heap after
Heap after GC invocations=3 (full 0):
 PSYoungGen      total 36352K, used 5104K [0x00000000d7780000, 0x00000000dbe80000, 0x0000000100000000)
  eden space 31232K, 0% used [0x00000000d7780000,0x00000000d7780000,0x00000000d9600000)
  from space 5120K, 99% used [0x00000000d9600000,0x00000000d9afc010,0x00000000d9b00000)
  to   space 5120K, 0% used [0x00000000db980000,0x00000000db980000,0x00000000dbe80000)
 ParOldGen       total 83456K, used 3747K [0x0000000086600000, 0x000000008b780000, 0x00000000d7780000)
  object space 83456K, 4% used [0x0000000086600000,0x00000000869a8f78,0x000000008b780000)
 Metaspace       used 16808K, capacity 17070K, committed 17280K, reserved 1064960K
  class space    used 2313K, capacity 2410K, committed 2432K, reserved 1048576K
}
Event: 7,331 GC heap before
{Heap before GC invocations=4 (full 0):
 PSYoungGen      total 36352K, used 36336K [0x00000000d7780000, 0x00000000dbe80000, 0x0000000100000000)
  eden space 31232K, 100% used [0x00000000d7780000,0x00000000d9600000,0x00000000d9600000)
  from space 5120K, 99% used [0x00000000d9600000,0x00000000d9afc010,0x00000000d9b00000)
  to   space 5120K, 0% used [0x00000000db980000,0x00000000db980000,0x00000000dbe80000)
 ParOldGen       total 83456K, used 3747K [0x0000000086600000, 0x000000008b780000, 0x00000000d7780000)
  object space 83456K, 4% used [0x0000000086600000,0x00000000869a8f78,0x000000008b780000)
 Metaspace       used 19990K, capacity 20218K, committed 20480K, reserved 1067008K
  class space    used 2727K, capacity 2796K, committed 2816K, reserved 1048576K
Event: 7,402 GC heap after
Heap after GC invocations=4 (full 0):
 PSYoungGen      total 67584K, used 5104K [0x00000000d7780000, 0x00000000dbe80000, 0x0000000100000000)
  eden space 62464K, 0% used [0x00000000d7780000,0x00000000d7780000,0x00000000db480000)
  from space 5120K, 99% used [0x00000000db980000,0x00000000dbe7c020,0x00000000dbe80000)
  to   space 5120K, 0% used [0x00000000db480000,0x00000000db480000,0x00000000db980000)
 ParOldGen       total 83456K, used 7549K [0x0000000086600000, 0x000000008b780000, 0x00000000d7780000)
  object space 83456K, 9% used [0x0000000086600000,0x0000000086d5f738,0x000000008b780000)
 Metaspace       used 19990K, capacity 20218K, committed 20480K, reserved 1067008K
  class space    used 2727K, capacity 2796K, committed 2816K, reserved 1048576K
}

